Using pre-set license
Built from '2020.3/staging' branch; Version is '2020.3.3f1 (76626098c1c4) revision 7758432'; Using compiler version '192528614'; Build Type 'Release'
OS: 'Windows 10 Home; OS build 22000.739; Version 2009; 64bit' Language: 'en' Physical Memory: 32614 MB
BatchMode: 1, IsHumanControllingUs: 0, StartBugReporterOnCrash: 0, Is64bit: 1, IsPro: 0

 COMMAND LINE ARGUMENTS:
E:\Program Files\Unity\Editor\Unity.exe
-adb2
-batchMode
-noUpm
-name
AssetImportWorker0
-projectPath
E:/Projects/QuestModule/QuestModule
-logFile
Logs/AssetImportWorker0.log
-srvPort
63601
Successfully changed project path to: E:/Projects/QuestModule/QuestModule
E:/Projects/QuestModule/QuestModule
Using Asset Import Pipeline V2.
Refreshing native plugins compatible for Editor in 59.08 ms, found 1 plugins.
Preloading 0 native plugins for Editor in 0.00 ms.
Initialize engine version: 2020.3.3f1 (76626098c1c4)
[Subsystems] Discovering subsystems at path E:/Program Files/Unity/Editor/Data/Resources/UnitySubsystems
[Subsystems] Discovering subsystems at path E:/Projects/QuestModule/QuestModule/Assets
GfxDevice: creating device client; threaded=0
Direct3D:
    Version:  Direct3D 11.0 [level 11.1]
    Renderer: NVIDIA GeForce GTX 1050 (ID=0x1c8d)
    Vendor:   
    VRAM:     4021 MB
    Driver:   27.21.14.5148
Initialize mono
Mono path[0] = 'E:/Program Files/Unity/Editor/Data/Managed'
Mono path[1] = 'E:/Program Files/Unity/Editor/Data/MonoBleedingEdge/lib/mono/unityjit'
Mono config path = 'E:/Program Files/Unity/Editor/Data/MonoBleedingEdge/etc'
Using monoOptions --debugger-agent=transport=dt_socket,embedding=1,server=y,suspend=n,address=127.0.0.1:56612
Begin MonoManager ReloadAssembly
Registering precompiled unity dll's ...
Register platform support module: E:/Program Files/Unity/Editor/Data/PlaybackEngines/WindowsStandaloneSupport/UnityEditor.WindowsStandalone.Extensions.dll
Registered in 0.001127 seconds.
Native extension for WindowsStandalone target not found
Refreshing native plugins compatible for Editor in 41.78 ms, found 1 plugins.
Preloading 0 native plugins for Editor in 0.00 ms.
Invoked RoslynAnalysisRunner static constructor.
RoslynAnalysisRunner will not be running.
RoslynAnalysisRunner has terminated.
Mono: successfully reloaded assembly
- Completed reload, in  1.562 seconds
Platform modules already initialized, skipping
Registering precompiled user dll's ...
Registered in 0.001000 seconds.
Begin MonoManager ReloadAssembly
Native extension for WindowsStandalone target not found
Refreshing native plugins compatible for Editor in 39.12 ms, found 1 plugins.
Preloading 0 native plugins for Editor in 0.00 ms.
Invoked RoslynAnalysisRunner static constructor.
RoslynAnalysisRunner will not be running.
RoslynAnalysisRunner has terminated.
Mono: successfully reloaded assembly
- Completed reload, in  1.119 seconds
Platform modules already initialized, skipping
========================================================================
Worker process is ready to serve import requests
Launched and connected shader compiler UnityShaderCompiler.exe after 0.06 seconds
Refreshing native plugins compatible for Editor in 0.36 ms, found 1 plugins.
Preloading 0 native plugins for Editor in 0.00 ms.
Unloading 1831 Unused Serialized files (Serialized files now loaded: 0)
System memory in use before: 87.3 MB.
System memory in use after: 87.3 MB.

Unloading 24 unused Assets to reduce memory usage. Loaded Objects now: 2276.
Total: 3.182800 ms (FindLiveObjects: 0.260100 ms CreateObjectMapping: 0.120100 ms MarkObjects: 2.610800 ms  DeleteObjects: 0.190600 ms)

========================================================================
Received Import Request.
  path: Assets/Script/Managers/GameManager.cs
  artifactKey: Guid(fa30ef54fd55dac4481627ea44481f87) Importer(815301076,1909f56bfc062723c751e8b465ee728b)
Start importing Assets/Script/Managers/GameManager.cs using Guid(fa30ef54fd55dac4481627ea44481f87) Importer(815301076,1909f56bfc062723c751e8b465ee728b)  -> (artifact id: 'fffb4a90db2ac2730b779f35b2fc56dc') in 0.052066 seconds
  Import took 0.055720 seconds .

========================================================================
Received Prepare
Registering precompiled user dll's ...
Registered in 0.000908 seconds.
Begin MonoManager ReloadAssembly
Native extension for WindowsStandalone target not found
Refreshing native plugins compatible for Editor in 0.49 ms, found 1 plugins.
Preloading 0 native plugins for Editor in 0.00 ms.
Invoked RoslynAnalysisRunner static constructor.
RoslynAnalysisRunner will not be running.
RoslynAnalysisRunner has terminated.
Mono: successfully reloaded assembly
- Completed reload, in  1.168 seconds
Platform modules already initialized, skipping
Refreshing native plugins compatible for Editor in 0.37 ms, found 1 plugins.
Preloading 0 native plugins for Editor in 0.00 ms.
Unloading 1813 Unused Serialized files (Serialized files now loaded: 0)
System memory in use before: 86.0 MB.
System memory in use after: 86.0 MB.

Unloading 12 unused Assets to reduce memory usage. Loaded Objects now: 2280.
Total: 2.256800 ms (FindLiveObjects: 0.191900 ms CreateObjectMapping: 0.067600 ms MarkObjects: 1.887400 ms  DeleteObjects: 0.103100 ms)

========================================================================
Received Prepare
Registering precompiled user dll's ...
Registered in 0.001017 seconds.
Begin MonoManager ReloadAssembly
Native extension for WindowsStandalone target not found
Refreshing native plugins compatible for Editor in 0.37 ms, found 1 plugins.
Preloading 0 native plugins for Editor in 0.00 ms.
Invoked RoslynAnalysisRunner static constructor.
RoslynAnalysisRunner will not be running.
RoslynAnalysisRunner has terminated.
Mono: successfully reloaded assembly
- Completed reload, in  1.005 seconds
Platform modules already initialized, skipping
Refreshing native plugins compatible for Editor in 0.36 ms, found 1 plugins.
Preloading 0 native plugins for Editor in 0.00 ms.
Unloading 1813 Unused Serialized files (Serialized files now loaded: 0)
System memory in use before: 86.0 MB.
System memory in use after: 86.0 MB.

Unloading 12 unused Assets to reduce memory usage. Loaded Objects now: 2284.
Total: 2.035100 ms (FindLiveObjects: 0.187800 ms CreateObjectMapping: 0.066400 ms MarkObjects: 1.669500 ms  DeleteObjects: 0.110300 ms)

========================================================================
Received Prepare
Registering precompiled user dll's ...
Registered in 0.001036 seconds.
Begin MonoManager ReloadAssembly
Native extension for WindowsStandalone target not found
Refreshing native plugins compatible for Editor in 0.35 ms, found 1 plugins.
Preloading 0 native plugins for Editor in 0.00 ms.
Invoked RoslynAnalysisRunner static constructor.
RoslynAnalysisRunner will not be running.
RoslynAnalysisRunner has terminated.
Mono: successfully reloaded assembly
- Completed reload, in  1.939 seconds
Platform modules already initialized, skipping
Refreshing native plugins compatible for Editor in 0.35 ms, found 1 plugins.
Preloading 0 native plugins for Editor in 0.00 ms.
Unloading 1813 Unused Serialized files (Serialized files now loaded: 0)
System memory in use before: 86.1 MB.
System memory in use after: 86.0 MB.

Unloading 12 unused Assets to reduce memory usage. Loaded Objects now: 2288.
Total: 2.557500 ms (FindLiveObjects: 0.265900 ms CreateObjectMapping: 0.077900 ms MarkObjects: 2.107800 ms  DeleteObjects: 0.104700 ms)

========================================================================
Received Prepare
Registering precompiled user dll's ...
Registered in 0.001010 seconds.
Begin MonoManager ReloadAssembly
Native extension for WindowsStandalone target not found
Refreshing native plugins compatible for Editor in 0.36 ms, found 1 plugins.
Preloading 0 native plugins for Editor in 0.00 ms.
Invoked RoslynAnalysisRunner static constructor.
RoslynAnalysisRunner will not be running.
RoslynAnalysisRunner has terminated.
Mono: successfully reloaded assembly
- Completed reload, in  1.090 seconds
Platform modules already initialized, skipping
Refreshing native plugins compatible for Editor in 0.38 ms, found 1 plugins.
Preloading 0 native plugins for Editor in 0.00 ms.
Unloading 1813 Unused Serialized files (Serialized files now loaded: 0)
System memory in use before: 86.1 MB.
System memory in use after: 86.1 MB.

Unloading 12 unused Assets to reduce memory usage. Loaded Objects now: 2292.
Total: 2.843600 ms (FindLiveObjects: 0.289100 ms CreateObjectMapping: 0.094100 ms MarkObjects: 2.316700 ms  DeleteObjects: 0.142200 ms)

========================================================================
Received Prepare
Registering precompiled user dll's ...
Registered in 0.002482 seconds.
Begin MonoManager ReloadAssembly
Native extension for WindowsStandalone target not found
Refreshing native plugins compatible for Editor in 0.36 ms, found 1 plugins.
Preloading 0 native plugins for Editor in 0.00 ms.
Invoked RoslynAnalysisRunner static constructor.
RoslynAnalysisRunner will not be running.
RoslynAnalysisRunner has terminated.
Mono: successfully reloaded assembly
- Completed reload, in  2.066 seconds
Platform modules already initialized, skipping
Refreshing native plugins compatible for Editor in 0.39 ms, found 1 plugins.
Preloading 0 native plugins for Editor in 0.00 ms.
Unloading 1813 Unused Serialized files (Serialized files now loaded: 0)
System memory in use before: 86.1 MB.
System memory in use after: 86.1 MB.

Unloading 12 unused Assets to reduce memory usage. Loaded Objects now: 2296.
Total: 5.439100 ms (FindLiveObjects: 0.405000 ms CreateObjectMapping: 0.170600 ms MarkObjects: 4.615000 ms  DeleteObjects: 0.246000 ms)

========================================================================
Received Prepare
Registering precompiled user dll's ...
Registered in 0.000897 seconds.
Begin MonoManager ReloadAssembly
Native extension for WindowsStandalone target not found
Refreshing native plugins compatible for Editor in 0.41 ms, found 1 plugins.
Preloading 0 native plugins for Editor in 0.00 ms.
Invoked RoslynAnalysisRunner static constructor.
RoslynAnalysisRunner will not be running.
RoslynAnalysisRunner has terminated.
Mono: successfully reloaded assembly
- Completed reload, in  2.646 seconds
Platform modules already initialized, skipping
Refreshing native plugins compatible for Editor in 0.33 ms, found 1 plugins.
Preloading 0 native plugins for Editor in 0.00 ms.
Unloading 1813 Unused Serialized files (Serialized files now loaded: 0)
System memory in use before: 86.1 MB.
System memory in use after: 86.1 MB.

Unloading 12 unused Assets to reduce memory usage. Loaded Objects now: 2300.
Total: 1.863200 ms (FindLiveObjects: 0.181500 ms CreateObjectMapping: 0.060100 ms MarkObjects: 1.523400 ms  DeleteObjects: 0.096800 ms)

========================================================================
Received Prepare
Registering precompiled user dll's ...
Registered in 0.001305 seconds.
Begin MonoManager ReloadAssembly
Native extension for WindowsStandalone target not found
Refreshing native plugins compatible for Editor in 0.35 ms, found 1 plugins.
Preloading 0 native plugins for Editor in 0.00 ms.
Invoked RoslynAnalysisRunner static constructor.
RoslynAnalysisRunner will not be running.
RoslynAnalysisRunner has terminated.
Mono: successfully reloaded assembly
- Completed reload, in  1.050 seconds
Platform modules already initialized, skipping
Refreshing native plugins compatible for Editor in 0.37 ms, found 1 plugins.
Preloading 0 native plugins for Editor in 0.00 ms.
Unloading 1813 Unused Serialized files (Serialized files now loaded: 0)
System memory in use before: 86.1 MB.
System memory in use after: 86.1 MB.

Unloading 12 unused Assets to reduce memory usage. Loaded Objects now: 2304.
Total: 3.137900 ms (FindLiveObjects: 0.518700 ms CreateObjectMapping: 0.237700 ms MarkObjects: 2.245200 ms  DeleteObjects: 0.134000 ms)

========================================================================
Received Prepare
Registering precompiled user dll's ...
Registered in 0.000916 seconds.
Begin MonoManager ReloadAssembly
Native extension for WindowsStandalone target not found
Refreshing native plugins compatible for Editor in 0.33 ms, found 1 plugins.
Preloading 0 native plugins for Editor in 0.00 ms.
Invoked RoslynAnalysisRunner static constructor.
RoslynAnalysisRunner will not be running.
RoslynAnalysisRunner has terminated.
Mono: successfully reloaded assembly
- Completed reload, in  0.900 seconds
Platform modules already initialized, skipping
Refreshing native plugins compatible for Editor in 0.93 ms, found 1 plugins.
Preloading 0 native plugins for Editor in 0.00 ms.
Unloading 1813 Unused Serialized files (Serialized files now loaded: 0)
System memory in use before: 86.1 MB.
System memory in use after: 86.1 MB.

Unloading 12 unused Assets to reduce memory usage. Loaded Objects now: 2308.
Total: 2.152100 ms (FindLiveObjects: 0.146400 ms CreateObjectMapping: 0.055800 ms MarkObjects: 1.854600 ms  DeleteObjects: 0.094100 ms)

========================================================================
Received Prepare
Registering precompiled user dll's ...
Registered in 0.000860 seconds.
Begin MonoManager ReloadAssembly
Native extension for WindowsStandalone target not found
Refreshing native plugins compatible for Editor in 0.42 ms, found 1 plugins.
Preloading 0 native plugins for Editor in 0.00 ms.
Invoked RoslynAnalysisRunner static constructor.
RoslynAnalysisRunner will not be running.
RoslynAnalysisRunner has terminated.
Mono: successfully reloaded assembly
- Completed reload, in  1.196 seconds
Platform modules already initialized, skipping
Refreshing native plugins compatible for Editor in 0.35 ms, found 1 plugins.
Preloading 0 native plugins for Editor in 0.00 ms.
Unloading 1813 Unused Serialized files (Serialized files now loaded: 0)
System memory in use before: 86.1 MB.
System memory in use after: 86.1 MB.

Unloading 12 unused Assets to reduce memory usage. Loaded Objects now: 2312.
Total: 3.105400 ms (FindLiveObjects: 0.338400 ms CreateObjectMapping: 0.158500 ms MarkObjects: 2.485600 ms  DeleteObjects: 0.120700 ms)

========================================================================
Received Import Request.
  Time since last request: 903.525095 seconds.
  path: Assets/Script/Objects/Quest/QuestItem.cs
  artifactKey: Guid(c8f2f4b532da7a34b9d1c40403255c10) Importer(815301076,1909f56bfc062723c751e8b465ee728b)
Start importing Assets/Script/Objects/Quest/QuestItem.cs using Guid(c8f2f4b532da7a34b9d1c40403255c10) Importer(815301076,1909f56bfc062723c751e8b465ee728b)  -> (artifact id: '9c6829dfb31ef393e4f7361f49ca491b') in 0.012904 seconds
  Import took 0.018979 seconds .

========================================================================
Received Import Request.
  Time since last request: 6.415599 seconds.
  path: Assets/Script/Objects/Quest/QuestCollection.cs
  artifactKey: Guid(378cfb8233f376340bf92de3dad32958) Importer(815301076,1909f56bfc062723c751e8b465ee728b)
Start importing Assets/Script/Objects/Quest/QuestCollection.cs using Guid(378cfb8233f376340bf92de3dad32958) Importer(815301076,1909f56bfc062723c751e8b465ee728b)  -> (artifact id: 'ae8b77b140040dc84667fa6a6f7ddc4e') in 0.010067 seconds
  Import took 0.014743 seconds .

========================================================================
Received Import Request.
  Time since last request: 159.447745 seconds.
  path: Assets/Script/Objects/Quest/IQuest.cs
  artifactKey: Guid(76bce7b11c8c01544b7b7e0582d40022) Importer(815301076,1909f56bfc062723c751e8b465ee728b)
Start importing Assets/Script/Objects/Quest/IQuest.cs using Guid(76bce7b11c8c01544b7b7e0582d40022) Importer(815301076,1909f56bfc062723c751e8b465ee728b)  -> (artifact id: '64438fa7c0c70ff9aa15726a8e143f64') in 0.011785 seconds
  Import took 0.015669 seconds .

========================================================================
Received Prepare
Registering precompiled user dll's ...
Registered in 0.000916 seconds.
Begin MonoManager ReloadAssembly
Native extension for WindowsStandalone target not found
Refreshing native plugins compatible for Editor in 0.34 ms, found 1 plugins.
Preloading 0 native plugins for Editor in 0.00 ms.
Invoked RoslynAnalysisRunner static constructor.
RoslynAnalysisRunner will not be running.
RoslynAnalysisRunner has terminated.
Mono: successfully reloaded assembly
- Completed reload, in  1.278 seconds
Platform modules already initialized, skipping
Refreshing native plugins compatible for Editor in 0.42 ms, found 1 plugins.
Preloading 0 native plugins for Editor in 0.00 ms.
Unloading 1814 Unused Serialized files (Serialized files now loaded: 0)
System memory in use before: 86.2 MB.
System memory in use after: 86.1 MB.

Unloading 12 unused Assets to reduce memory usage. Loaded Objects now: 2317.
Total: 3.090700 ms (FindLiveObjects: 0.250200 ms CreateObjectMapping: 0.103800 ms MarkObjects: 2.608500 ms  DeleteObjects: 0.127100 ms)

========================================================================
Received Import Request.
  Time since last request: 26.121172 seconds.
  path: Assets/Script/Objects/Quest/IQuestItem.cs
  artifactKey: Guid(76bce7b11c8c01544b7b7e0582d40022) Importer(815301076,1909f56bfc062723c751e8b465ee728b)
Start importing Assets/Script/Objects/Quest/IQuestItem.cs using Guid(76bce7b11c8c01544b7b7e0582d40022) Importer(815301076,1909f56bfc062723c751e8b465ee728b)  -> (artifact id: '22bc91fd9f860da84b814539219b10de') in 0.016352 seconds
  Import took 0.020256 seconds .

========================================================================
Received Import Request.
  Time since last request: 70.147255 seconds.
  path: Assets/Script/Objects/Quest/IQuestItem.cs
  artifactKey: Guid(76bce7b11c8c01544b7b7e0582d40022) Importer(815301076,1909f56bfc062723c751e8b465ee728b)
Start importing Assets/Script/Objects/Quest/IQuestItem.cs using Guid(76bce7b11c8c01544b7b7e0582d40022) Importer(815301076,1909f56bfc062723c751e8b465ee728b)  -> (artifact id: '9de713a6d64a72bb437df5ad6e6baf0c') in 0.005700 seconds
  Import took 0.012776 seconds .

========================================================================
Received Import Request.
  Time since last request: 65.767878 seconds.
  path: Assets/Script/Objects/Quest/Quest.cs
  artifactKey: Guid(4c15ee37c3d93174c9e6b3885ef4faca) Importer(815301076,1909f56bfc062723c751e8b465ee728b)
Start importing Assets/Script/Objects/Quest/Quest.cs using Guid(4c15ee37c3d93174c9e6b3885ef4faca) Importer(815301076,1909f56bfc062723c751e8b465ee728b)  -> (artifact id: '421d72e02c2eb3c992a22f96fa40d313') in 0.010296 seconds
  Import took 0.013612 seconds .

========================================================================
Received Import Request.
  Time since last request: 10.265441 seconds.
  path: Assets/Script/Objects/Quest/ICard.cs
  artifactKey: Guid(76bce7b11c8c01544b7b7e0582d40022) Importer(815301076,1909f56bfc062723c751e8b465ee728b)
Start importing Assets/Script/Objects/Quest/ICard.cs using Guid(76bce7b11c8c01544b7b7e0582d40022) Importer(815301076,1909f56bfc062723c751e8b465ee728b)  -> (artifact id: 'f923db2354bbe7f502623fae5723a53d') in 0.007213 seconds
  Import took 0.012154 seconds .

========================================================================
Received Import Request.
  Time since last request: 15.010960 seconds.
  path: Assets/Script/Objects/Interface
  artifactKey: Guid(984c85afec7323748aa95893ceabc03d) Importer(815301076,1909f56bfc062723c751e8b465ee728b)
Start importing Assets/Script/Objects/Interface using Guid(984c85afec7323748aa95893ceabc03d) Importer(815301076,1909f56bfc062723c751e8b465ee728b)  -> (artifact id: 'c40cf42bb771e91f4f93367638375ac9') in 0.010609 seconds
  Import took 0.013910 seconds .

========================================================================
Received Import Request.
  Time since last request: 39.904931 seconds.
  path: Assets/Script/Objects/Interface/ICard.cs
  artifactKey: Guid(76bce7b11c8c01544b7b7e0582d40022) Importer(815301076,1909f56bfc062723c751e8b465ee728b)
Start importing Assets/Script/Objects/Interface/ICard.cs using Guid(76bce7b11c8c01544b7b7e0582d40022) Importer(815301076,1909f56bfc062723c751e8b465ee728b)  -> (artifact id: '9223052e284df39e79a40c1d148ac4a7') in 0.006102 seconds
  Import took 0.010215 seconds .

========================================================================
Received Import Request.
  Time since last request: 24.562186 seconds.
  path: Assets/Script/Objects/DTO
  artifactKey: Guid(5cb50f042de386e4a9c830bdb8e28a47) Importer(815301076,1909f56bfc062723c751e8b465ee728b)
Start importing Assets/Script/Objects/DTO using Guid(5cb50f042de386e4a9c830bdb8e28a47) Importer(815301076,1909f56bfc062723c751e8b465ee728b)  -> (artifact id: '5fd1aed669d6596ad00853c10df1dd48') in 0.011472 seconds
  Import took 0.014689 seconds .

========================================================================
Received Import Request.
  Time since last request: 21.276706 seconds.
  path: Assets/Script/Objects/DTO/QuestItemDTO.cs
  artifactKey: Guid(80bdb0b36ab822143967db2a5d534066) Importer(815301076,1909f56bfc062723c751e8b465ee728b)
Start importing Assets/Script/Objects/DTO/QuestItemDTO.cs using Guid(80bdb0b36ab822143967db2a5d534066) Importer(815301076,1909f56bfc062723c751e8b465ee728b)  -> (artifact id: '80ba3947b88525068b6f3fd3ccd1b614') in 0.008579 seconds
  Import took 0.012915 seconds .

========================================================================
Received Import Request.
  Time since last request: 23.098622 seconds.
  path: Assets/Script/Objects/Interface/IDTO.cs
  artifactKey: Guid(14942140a8029c346b3d763da1357d53) Importer(815301076,1909f56bfc062723c751e8b465ee728b)
Start importing Assets/Script/Objects/Interface/IDTO.cs using Guid(14942140a8029c346b3d763da1357d53) Importer(815301076,1909f56bfc062723c751e8b465ee728b)  -> (artifact id: '5c12d596665700e3781e11bf2ccb7f4c') in 0.019788 seconds
  Import took 0.026340 seconds .

========================================================================
Received Import Request.
  Time since last request: 52.320231 seconds.
  path: Assets/Script/Objects/Interface/IDTO.cs
  artifactKey: Guid(14942140a8029c346b3d763da1357d53) Importer(815301076,1909f56bfc062723c751e8b465ee728b)
Start importing Assets/Script/Objects/Interface/IDTO.cs using Guid(14942140a8029c346b3d763da1357d53) Importer(815301076,1909f56bfc062723c751e8b465ee728b)  -> (artifact id: '1e41ec333b724c62f253a884ba211ccc') in 0.005441 seconds
  Import took 0.011054 seconds .

========================================================================
Received Import Request.
  Time since last request: 69.533346 seconds.
  path: Assets/Script/Objects/DTO/QuestItemDTO.cs
  artifactKey: Guid(80bdb0b36ab822143967db2a5d534066) Importer(815301076,1909f56bfc062723c751e8b465ee728b)
Start importing Assets/Script/Objects/DTO/QuestItemDTO.cs using Guid(80bdb0b36ab822143967db2a5d534066) Importer(815301076,1909f56bfc062723c751e8b465ee728b)  -> (artifact id: '23b94ea01cb9229bb098378e2c10b4f8') in 0.004757 seconds
  Import took 0.009519 seconds .

========================================================================
Received Import Request.
  Time since last request: 26.993844 seconds.
  path: Assets/Script/Objects/Quest/QuestCollection.cs
  artifactKey: Guid(378cfb8233f376340bf92de3dad32958) Importer(815301076,1909f56bfc062723c751e8b465ee728b)
Start importing Assets/Script/Objects/Quest/QuestCollection.cs using Guid(378cfb8233f376340bf92de3dad32958) Importer(815301076,1909f56bfc062723c751e8b465ee728b)  -> (artifact id: '7536f54963faff017e30c04785a64477') in 0.004646 seconds
  Import took 0.007957 seconds .

========================================================================
Received Import Request.
  Time since last request: 110.493446 seconds.
  path: Assets/Script/Objects/Interface/ICard.cs
  artifactKey: Guid(76bce7b11c8c01544b7b7e0582d40022) Importer(815301076,1909f56bfc062723c751e8b465ee728b)
Start importing Assets/Script/Objects/Interface/ICard.cs using Guid(76bce7b11c8c01544b7b7e0582d40022) Importer(815301076,1909f56bfc062723c751e8b465ee728b)  -> (artifact id: 'f11739587efdf0d416150a41ff305579') in 0.005491 seconds
  Import took 0.009891 seconds .

========================================================================
Received Import Request.
  Time since last request: 14.021789 seconds.
  path: Assets/Prefab/QuestItem.prefab
  artifactKey: Guid(b86ea81a59e9d884c84d776f638a6fe6) Importer(815301076,1909f56bfc062723c751e8b465ee728b)
Start importing Assets/Prefab/QuestItem.prefab using Guid(b86ea81a59e9d884c84d776f638a6fe6) Importer(815301076,1909f56bfc062723c751e8b465ee728b)  -> (artifact id: '069f0ba5f0306e10cd0ca253f920be11') in 0.117906 seconds
  Import took 0.121166 seconds .

========================================================================
Received Import Request.
  Time since last request: 135.537222 seconds.
  path: Assets/Script/Objects/Quest/QuestFiller.cs
  artifactKey: Guid(4c15ee37c3d93174c9e6b3885ef4faca) Importer(815301076,1909f56bfc062723c751e8b465ee728b)
Start importing Assets/Script/Objects/Quest/QuestFiller.cs using Guid(4c15ee37c3d93174c9e6b3885ef4faca) Importer(815301076,1909f56bfc062723c751e8b465ee728b)  -> (artifact id: 'de91fa24b13c9d56eb05c74ff75ebd9d') in 0.007790 seconds
  Import took 0.014228 seconds .

========================================================================
Received Import Request.
  Time since last request: 72.042595 seconds.
  path: Assets/Script/Objects/Interface/ICard.cs
  artifactKey: Guid(76bce7b11c8c01544b7b7e0582d40022) Importer(815301076,1909f56bfc062723c751e8b465ee728b)
Start importing Assets/Script/Objects/Interface/ICard.cs using Guid(76bce7b11c8c01544b7b7e0582d40022) Importer(815301076,1909f56bfc062723c751e8b465ee728b)  -> (artifact id: '8a8af07030bfe6cdd80f7e401c12d15b') in 0.006343 seconds
  Import took 0.011197 seconds .

========================================================================
Received Import Request.
  Time since last request: 1161.474116 seconds.
  path: Assets/Script/Objects/Quest/QuestFiller.cs
  artifactKey: Guid(4c15ee37c3d93174c9e6b3885ef4faca) Importer(815301076,1909f56bfc062723c751e8b465ee728b)
Start importing Assets/Script/Objects/Quest/QuestFiller.cs using Guid(4c15ee37c3d93174c9e6b3885ef4faca) Importer(815301076,1909f56bfc062723c751e8b465ee728b)  -> (artifact id: '3c0fc492a28c0041750bfb5b6f1242d3') in 0.003363 seconds
  Import took 0.007806 seconds .

========================================================================
Received Prepare
Registering precompiled user dll's ...
Registered in 0.001159 seconds.
Begin MonoManager ReloadAssembly
Native extension for WindowsStandalone target not found
Refreshing native plugins compatible for Editor in 0.39 ms, found 1 plugins.
Preloading 0 native plugins for Editor in 0.00 ms.
Invoked RoslynAnalysisRunner static constructor.
RoslynAnalysisRunner will not be running.
RoslynAnalysisRunner has terminated.
Mono: successfully reloaded assembly
- Completed reload, in  1.659 seconds
Platform modules already initialized, skipping
Refreshing native plugins compatible for Editor in 0.35 ms, found 1 plugins.
Preloading 0 native plugins for Editor in 0.00 ms.
Unloading 1817 Unused Serialized files (Serialized files now loaded: 0)
System memory in use before: 86.2 MB.
System memory in use after: 86.2 MB.

Unloading 12 unused Assets to reduce memory usage. Loaded Objects now: 2324.
Total: 2.815200 ms (FindLiveObjects: 0.196900 ms CreateObjectMapping: 0.086900 ms MarkObjects: 2.380600 ms  DeleteObjects: 0.149500 ms)

========================================================================
Received Import Request.
  Time since last request: 685.523354 seconds.
  path: Assets/Script/Objects/Interface/IFillable.cs
  artifactKey: Guid(76bce7b11c8c01544b7b7e0582d40022) Importer(815301076,1909f56bfc062723c751e8b465ee728b)
Start importing Assets/Script/Objects/Interface/IFillable.cs using Guid(76bce7b11c8c01544b7b7e0582d40022) Importer(815301076,1909f56bfc062723c751e8b465ee728b)  -> (artifact id: '289cd46236a65626fb5bf0fbd1b496f8') in 0.012927 seconds
  Import took 0.016957 seconds .

========================================================================
Received Prepare
Registering precompiled user dll's ...
Registered in 0.000911 seconds.
Begin MonoManager ReloadAssembly
Native extension for WindowsStandalone target not found
Refreshing native plugins compatible for Editor in 0.37 ms, found 1 plugins.
Preloading 0 native plugins for Editor in 0.00 ms.
Invoked RoslynAnalysisRunner static constructor.
RoslynAnalysisRunner will not be running.
RoslynAnalysisRunner has terminated.
Mono: successfully reloaded assembly
- Completed reload, in  1.175 seconds
Platform modules already initialized, skipping
Refreshing native plugins compatible for Editor in 0.36 ms, found 1 plugins.
Preloading 0 native plugins for Editor in 0.00 ms.
Unloading 1817 Unused Serialized files (Serialized files now loaded: 0)
System memory in use before: 86.3 MB.
System memory in use after: 86.2 MB.

Unloading 12 unused Assets to reduce memory usage. Loaded Objects now: 2328.
Total: 2.371700 ms (FindLiveObjects: 0.194600 ms CreateObjectMapping: 0.065000 ms MarkObjects: 2.009300 ms  DeleteObjects: 0.101700 ms)

========================================================================
Received Prepare
Registering precompiled user dll's ...
Registered in 0.001415 seconds.
Begin MonoManager ReloadAssembly
Native extension for WindowsStandalone target not found
Refreshing native plugins compatible for Editor in 0.34 ms, found 1 plugins.
Preloading 0 native plugins for Editor in 0.00 ms.
Invoked RoslynAnalysisRunner static constructor.
RoslynAnalysisRunner will not be running.
RoslynAnalysisRunner has terminated.
Mono: successfully reloaded assembly
- Completed reload, in  0.995 seconds
Platform modules already initialized, skipping
Refreshing native plugins compatible for Editor in 0.36 ms, found 1 plugins.
Preloading 0 native plugins for Editor in 0.00 ms.
Unloading 1817 Unused Serialized files (Serialized files now loaded: 0)
System memory in use before: 86.3 MB.
System memory in use after: 86.2 MB.

Unloading 12 unused Assets to reduce memory usage. Loaded Objects now: 2332.
Total: 2.113700 ms (FindLiveObjects: 0.255600 ms CreateObjectMapping: 0.095500 ms MarkObjects: 1.660700 ms  DeleteObjects: 0.100700 ms)

========================================================================
Received Import Request.
  Time since last request: 22.712329 seconds.
  path: Assets/Script/Objects/Interface/IFillable.cs
  artifactKey: Guid(76bce7b11c8c01544b7b7e0582d40022) Importer(815301076,1909f56bfc062723c751e8b465ee728b)
Start importing Assets/Script/Objects/Interface/IFillable.cs using Guid(76bce7b11c8c01544b7b7e0582d40022) Importer(815301076,1909f56bfc062723c751e8b465ee728b)  -> (artifact id: '0f1c15f56aa3bbaa7e1af34862c19f61') in 0.009646 seconds
  Import took 0.012422 seconds .

========================================================================
Received Prepare
Registering precompiled user dll's ...
Registered in 0.000997 seconds.
Begin MonoManager ReloadAssembly
Native extension for WindowsStandalone target not found
Refreshing native plugins compatible for Editor in 0.36 ms, found 1 plugins.
Preloading 0 native plugins for Editor in 0.00 ms.
Invoked RoslynAnalysisRunner static constructor.
RoslynAnalysisRunner will not be running.
RoslynAnalysisRunner has terminated.
Mono: successfully reloaded assembly
- Completed reload, in  1.032 seconds
Platform modules already initialized, skipping
Refreshing native plugins compatible for Editor in 0.41 ms, found 1 plugins.
Preloading 0 native plugins for Editor in 0.00 ms.
Unloading 1817 Unused Serialized files (Serialized files now loaded: 0)
System memory in use before: 86.3 MB.
System memory in use after: 86.2 MB.

Unloading 12 unused Assets to reduce memory usage. Loaded Objects now: 2336.
Total: 2.002100 ms (FindLiveObjects: 0.169100 ms CreateObjectMapping: 0.059700 ms MarkObjects: 1.630000 ms  DeleteObjects: 0.142400 ms)

========================================================================
Received Prepare
Registering precompiled user dll's ...
Registered in 0.000999 seconds.
Begin MonoManager ReloadAssembly
Native extension for WindowsStandalone target not found
Refreshing native plugins compatible for Editor in 0.33 ms, found 1 plugins.
Preloading 0 native plugins for Editor in 0.00 ms.
Invoked RoslynAnalysisRunner static constructor.
RoslynAnalysisRunner will not be running.
RoslynAnalysisRunner has terminated.
Mono: successfully reloaded assembly
- Completed reload, in  1.071 seconds
Platform modules already initialized, skipping
Refreshing native plugins compatible for Editor in 0.43 ms, found 1 plugins.
Preloading 0 native plugins for Editor in 0.00 ms.
Unloading 1817 Unused Serialized files (Serialized files now loaded: 0)
System memory in use before: 86.3 MB.
System memory in use after: 86.3 MB.

Unloading 12 unused Assets to reduce memory usage. Loaded Objects now: 2340.
Total: 2.213800 ms (FindLiveObjects: 0.167300 ms CreateObjectMapping: 0.060100 ms MarkObjects: 1.875500 ms  DeleteObjects: 0.110000 ms)

========================================================================
Received Prepare
Registering precompiled user dll's ...
Registered in 0.000904 seconds.
Begin MonoManager ReloadAssembly
Native extension for WindowsStandalone target not found
Refreshing native plugins compatible for Editor in 0.33 ms, found 1 plugins.
Preloading 0 native plugins for Editor in 0.00 ms.
Invoked RoslynAnalysisRunner static constructor.
RoslynAnalysisRunner will not be running.
RoslynAnalysisRunner has terminated.
Mono: successfully reloaded assembly
- Completed reload, in  0.880 seconds
Platform modules already initialized, skipping
Refreshing native plugins compatible for Editor in 0.35 ms, found 1 plugins.
Preloading 0 native plugins for Editor in 0.00 ms.
Unloading 1817 Unused Serialized files (Serialized files now loaded: 0)
System memory in use before: 86.3 MB.
System memory in use after: 86.3 MB.

Unloading 12 unused Assets to reduce memory usage. Loaded Objects now: 2344.
Total: 1.977200 ms (FindLiveObjects: 0.173900 ms CreateObjectMapping: 0.061500 ms MarkObjects: 1.647200 ms  DeleteObjects: 0.093700 ms)

========================================================================
Received Prepare
Registering precompiled user dll's ...
Registered in 0.000891 seconds.
Begin MonoManager ReloadAssembly
Native extension for WindowsStandalone target not found
Refreshing native plugins compatible for Editor in 0.32 ms, found 1 plugins.
Preloading 0 native plugins for Editor in 0.00 ms.
Invoked RoslynAnalysisRunner static constructor.
RoslynAnalysisRunner will not be running.
RoslynAnalysisRunner has terminated.
Mono: successfully reloaded assembly
- Completed reload, in  0.855 seconds
Platform modules already initialized, skipping
Refreshing native plugins compatible for Editor in 0.34 ms, found 1 plugins.
Preloading 0 native plugins for Editor in 0.00 ms.
Unloading 1817 Unused Serialized files (Serialized files now loaded: 0)
System memory in use before: 86.3 MB.
System memory in use after: 86.3 MB.

Unloading 12 unused Assets to reduce memory usage. Loaded Objects now: 2348.
Total: 2.649500 ms (FindLiveObjects: 0.175500 ms CreateObjectMapping: 0.070000 ms MarkObjects: 2.250800 ms  DeleteObjects: 0.152100 ms)

========================================================================
Received Prepare
Registering precompiled user dll's ...
Registered in 0.000932 seconds.
Begin MonoManager ReloadAssembly
Native extension for WindowsStandalone target not found
Refreshing native plugins compatible for Editor in 0.52 ms, found 1 plugins.
Preloading 0 native plugins for Editor in 0.00 ms.
Invoked RoslynAnalysisRunner static constructor.
RoslynAnalysisRunner will not be running.
RoslynAnalysisRunner has terminated.
Mono: successfully reloaded assembly
- Completed reload, in  1.172 seconds
Platform modules already initialized, skipping
Refreshing native plugins compatible for Editor in 0.38 ms, found 1 plugins.
Preloading 0 native plugins for Editor in 0.00 ms.
Unloading 1817 Unused Serialized files (Serialized files now loaded: 0)
System memory in use before: 86.3 MB.
System memory in use after: 86.3 MB.

Unloading 12 unused Assets to reduce memory usage. Loaded Objects now: 2352.
Total: 2.273900 ms (FindLiveObjects: 0.183200 ms CreateObjectMapping: 0.052400 ms MarkObjects: 1.938100 ms  DeleteObjects: 0.099300 ms)

========================================================================
Received Prepare
Registering precompiled user dll's ...
Registered in 0.001051 seconds.
Begin MonoManager ReloadAssembly
Native extension for WindowsStandalone target not found
Refreshing native plugins compatible for Editor in 0.36 ms, found 1 plugins.
Preloading 0 native plugins for Editor in 0.00 ms.
Invoked RoslynAnalysisRunner static constructor.
RoslynAnalysisRunner will not be running.
RoslynAnalysisRunner has terminated.
Mono: successfully reloaded assembly
- Completed reload, in  0.998 seconds
Platform modules already initialized, skipping
Refreshing native plugins compatible for Editor in 0.37 ms, found 1 plugins.
Preloading 0 native plugins for Editor in 0.00 ms.
Unloading 1817 Unused Serialized files (Serialized files now loaded: 0)
System memory in use before: 86.3 MB.
System memory in use after: 86.3 MB.

Unloading 12 unused Assets to reduce memory usage. Loaded Objects now: 2356.
Total: 2.600700 ms (FindLiveObjects: 0.187000 ms CreateObjectMapping: 0.065300 ms MarkObjects: 2.240000 ms  DeleteObjects: 0.107500 ms)

========================================================================
Received Prepare
Registering precompiled user dll's ...
Registered in 0.001080 seconds.
Begin MonoManager ReloadAssembly
Native extension for WindowsStandalone target not found
Refreshing native plugins compatible for Editor in 0.54 ms, found 1 plugins.
Preloading 0 native plugins for Editor in 0.00 ms.
Invoked RoslynAnalysisRunner static constructor.
RoslynAnalysisRunner will not be running.
RoslynAnalysisRunner has terminated.
Mono: successfully reloaded assembly
- Completed reload, in  1.096 seconds
Platform modules already initialized, skipping
Refreshing native plugins compatible for Editor in 0.34 ms, found 1 plugins.
Preloading 0 native plugins for Editor in 0.00 ms.
Unloading 1817 Unused Serialized files (Serialized files now loaded: 0)
System memory in use before: 86.3 MB.
System memory in use after: 86.3 MB.

Unloading 12 unused Assets to reduce memory usage. Loaded Objects now: 2360.
Total: 2.146700 ms (FindLiveObjects: 0.197200 ms CreateObjectMapping: 0.078100 ms MarkObjects: 1.754400 ms  DeleteObjects: 0.115400 ms)

========================================================================
Received Prepare
Registering precompiled user dll's ...
Registered in 0.001083 seconds.
Begin MonoManager ReloadAssembly
Native extension for WindowsStandalone target not found
Refreshing native plugins compatible for Editor in 0.33 ms, found 1 plugins.
Preloading 0 native plugins for Editor in 0.00 ms.
Invoked RoslynAnalysisRunner static constructor.
RoslynAnalysisRunner will not be running.
RoslynAnalysisRunner has terminated.
Mono: successfully reloaded assembly
- Completed reload, in  0.988 seconds
Platform modules already initialized, skipping
Refreshing native plugins compatible for Editor in 0.36 ms, found 1 plugins.
Preloading 0 native plugins for Editor in 0.00 ms.
Unloading 1817 Unused Serialized files (Serialized files now loaded: 0)
System memory in use before: 86.3 MB.
System memory in use after: 86.3 MB.

Unloading 12 unused Assets to reduce memory usage. Loaded Objects now: 2364.
Total: 2.786300 ms (FindLiveObjects: 0.184800 ms CreateObjectMapping: 0.071500 ms MarkObjects: 2.415600 ms  DeleteObjects: 0.113600 ms)

========================================================================
Received Prepare
Registering precompiled user dll's ...
Registered in 0.002298 seconds.
Begin MonoManager ReloadAssembly
Native extension for WindowsStandalone target not found
Refreshing native plugins compatible for Editor in 0.38 ms, found 1 plugins.
Preloading 0 native plugins for Editor in 0.00 ms.
Invoked RoslynAnalysisRunner static constructor.
RoslynAnalysisRunner will not be running.
RoslynAnalysisRunner has terminated.
Mono: successfully reloaded assembly
- Completed reload, in  1.372 seconds
Platform modules already initialized, skipping
Refreshing native plugins compatible for Editor in 0.49 ms, found 1 plugins.
Preloading 0 native plugins for Editor in 0.00 ms.
Unloading 1817 Unused Serialized files (Serialized files now loaded: 0)
System memory in use before: 86.3 MB.
System memory in use after: 86.3 MB.

Unloading 12 unused Assets to reduce memory usage. Loaded Objects now: 2368.
Total: 2.837400 ms (FindLiveObjects: 0.289700 ms CreateObjectMapping: 0.126100 ms MarkObjects: 2.259300 ms  DeleteObjects: 0.160500 ms)

========================================================================
Received Import Request.
  Time since last request: 484.456259 seconds.
  path: Assets/Prefab/QuestItem.prefab
  artifactKey: Guid(b86ea81a59e9d884c84d776f638a6fe6) Importer(815301076,1909f56bfc062723c751e8b465ee728b)
Start importing Assets/Prefab/QuestItem.prefab using Guid(b86ea81a59e9d884c84d776f638a6fe6) Importer(815301076,1909f56bfc062723c751e8b465ee728b)  -> (artifact id: 'd02d52bff4d9e05645f4d6d61ab7d2a0') in 0.105637 seconds
  Import took 0.109314 seconds .

========================================================================
Received Import Request.
  Time since last request: 81.709676 seconds.
  path: Assets/Script/Objects/Quest/QuestFiller.cs
  artifactKey: Guid(4c15ee37c3d93174c9e6b3885ef4faca) Importer(815301076,1909f56bfc062723c751e8b465ee728b)
Start importing Assets/Script/Objects/Quest/QuestFiller.cs using Guid(4c15ee37c3d93174c9e6b3885ef4faca) Importer(815301076,1909f56bfc062723c751e8b465ee728b)  -> (artifact id: 'cdce1bcdaf3ef66860d55b139c96ebc4') in 0.002038 seconds
  Import took 0.005735 seconds .

========================================================================
Received Import Request.
  Time since last request: 0.003943 seconds.
  path: Assets/Script/Objects/Quest/QuestFiller.cs
  artifactKey: Guid(4c15ee37c3d93174c9e6b3885ef4faca) Importer(815301076,1909f56bfc062723c751e8b465ee728b)
Start importing Assets/Script/Objects/Quest/QuestFiller.cs using Guid(4c15ee37c3d93174c9e6b3885ef4faca) Importer(815301076,1909f56bfc062723c751e8b465ee728b)  -> (artifact id: 'cdce1bcdaf3ef66860d55b139c96ebc4') in 0.004582 seconds
  Import took 0.008178 seconds .

========================================================================
Received Prepare
Registering precompiled user dll's ...
Registered in 0.002501 seconds.
Begin MonoManager ReloadAssembly
Native extension for WindowsStandalone target not found
Refreshing native plugins compatible for Editor in 0.36 ms, found 1 plugins.
Preloading 0 native plugins for Editor in 0.00 ms.
Invoked RoslynAnalysisRunner static constructor.
RoslynAnalysisRunner will not be running.
RoslynAnalysisRunner has terminated.
Mono: successfully reloaded assembly
- Completed reload, in  0.974 seconds
Platform modules already initialized, skipping
Refreshing native plugins compatible for Editor in 0.36 ms, found 1 plugins.
Preloading 0 native plugins for Editor in 0.00 ms.
Unloading 1817 Unused Serialized files (Serialized files now loaded: 0)
System memory in use before: 86.3 MB.
System memory in use after: 86.3 MB.

Unloading 12 unused Assets to reduce memory usage. Loaded Objects now: 2372.
Total: 2.050300 ms (FindLiveObjects: 0.180400 ms CreateObjectMapping: 0.057100 ms MarkObjects: 1.693800 ms  DeleteObjects: 0.118200 ms)

========================================================================
Received Import Request.
  Time since last request: 94.620916 seconds.
  path: Assets/Script/Objects/Quest/QuestFiller.cs
  artifactKey: Guid(4c15ee37c3d93174c9e6b3885ef4faca) Importer(815301076,1909f56bfc062723c751e8b465ee728b)
Start importing Assets/Script/Objects/Quest/QuestFiller.cs using Guid(4c15ee37c3d93174c9e6b3885ef4faca) Importer(815301076,1909f56bfc062723c751e8b465ee728b)  -> (artifact id: 'a88fa163fcee17b389f4a9b91233e6fc') in 0.004848 seconds
  Import took 0.007671 seconds .

========================================================================
Received Prepare
Registering precompiled user dll's ...
Registered in 0.001258 seconds.
Begin MonoManager ReloadAssembly
Native extension for WindowsStandalone target not found
Refreshing native plugins compatible for Editor in 0.32 ms, found 1 plugins.
Preloading 0 native plugins for Editor in 0.00 ms.
Invoked RoslynAnalysisRunner static constructor.
RoslynAnalysisRunner will not be running.
RoslynAnalysisRunner has terminated.
Mono: successfully reloaded assembly
- Completed reload, in  0.953 seconds
Platform modules already initialized, skipping
Refreshing native plugins compatible for Editor in 0.33 ms, found 1 plugins.
Preloading 0 native plugins for Editor in 0.00 ms.
Unloading 1817 Unused Serialized files (Serialized files now loaded: 0)
System memory in use before: 86.4 MB.
System memory in use after: 86.3 MB.

Unloading 12 unused Assets to reduce memory usage. Loaded Objects now: 2376.
Total: 2.243600 ms (FindLiveObjects: 0.173900 ms CreateObjectMapping: 0.065700 ms MarkObjects: 1.907800 ms  DeleteObjects: 0.095500 ms)

AssetImportWorkerClient::OnTransportError - code=2 error=End of file
